# JRE version: OpenJDK Runtime Environment Temurin-17.0.7+7 (17.0.7+7) (build 17.0.7+7)
# Java VM: OpenJDK 64-Bit Server VM Temurin-17.0.7+7 (17.0.7+7, mixed mode, sharing, tiered, compressed oops, compressed class ptrs, g1 gc, windows-amd64)
GC Precious Log:
 CPUs: 24 total, 24 available
 Memory: 32370M
 Large Page Support: Disabled
 NUMA Support: Disabled
 Compressed Oops: Enabled (Zero based)
 Heap Region Size: 2M
 Heap Min Capacity: 512M
 Heap Initial Capacity: 512M
 Heap Max Capacity: 4072M
 Pre-touch: Disabled
 Parallel Workers: 18
 Concurrent Workers: 5
 Concurrent Refinement Workers: 18
 Periodic GC: Disabled
 String Deduplication is enabled
Heap:
 garbage-first heap   total 651264K, used 177147K [0x0000000701800000, 0x0000000800000000)
  region size 2048K, 7 young (14336K), 1 survivors (2048K)
 Metaspace       used 107664K, committed 108480K, reserved 1179648K
  class space    used 15453K, committed 15872K, reserved 1048576K
GC Heap History (20 events):
Event: 3483.732 GC heap before
{Heap before GC invocations=287 (full 10):
 garbage-first heap   total 651264K, used 244149K [0x0000000701800000, 0x0000000800000000)
  region size 2048K, 40 young (81920K), 2 survivors (4096K)
 Metaspace       used 107564K, committed 108352K, reserved 1179648K
  class space    used 15450K, committed 15872K, reserved 1048576K
}
Event: 3483.734 GC heap after
{Heap after GC invocations=288 (full 10):
 garbage-first heap   total 651264K, used 166322K [0x0000000701800000, 0x0000000800000000)
  region size 2048K, 2 young (4096K), 2 survivors (4096K)
 Metaspace       used 107564K, committed 108352K, reserved 1179648K
  class space    used 15450K, committed 15872K, reserved 1048576K
}
Event: 3485.734 GC heap before
{Heap before GC invocations=288 (full 10):
 garbage-first heap   total 651264K, used 244146K [0x0000000701800000, 0x0000000800000000)
  region size 2048K, 40 young (81920K), 2 survivors (4096K)
 Metaspace       used 107591K, committed 108416K, reserved 1179648K
  class space    used 15450K, committed 15872K, reserved 1048576K
}
Event: 3485.739 GC heap after
{Heap after GC invocations=289 (full 10):
 garbage-first heap   total 651264K, used 166961K [0x0000000701800000, 0x0000000800000000)
  region size 2048K, 3 young (6144K), 3 survivors (6144K)
 Metaspace       used 107591K, committed 108416K, reserved 1179648K
  class space    used 15450K, committed 15872K, reserved 1048576K
}
Event: 3514.596 GC heap before
{Heap before GC invocations=289 (full 10):
 garbage-first heap   total 651264K, used 242737K [0x0000000701800000, 0x0000000800000000)
  region size 2048K, 40 young (81920K), 3 survivors (6144K)
 Metaspace       used 107592K, committed 108416K, reserved 1179648K
  class space    used 15450K, committed 15872K, reserved 1048576K
}
Event: 3514.601 GC heap after
{Heap after GC invocations=290 (full 10):
 garbage-first heap   total 651264K, used 166785K [0x0000000701800000, 0x0000000800000000)
  region size 2048K, 2 young (4096K), 2 survivors (4096K)
 Metaspace       used 107592K, committed 108416K, reserved 1179648K
  class space    used 15450K, committed 15872K, reserved 1048576K
}
Event: 3557.125 GC heap before
{Heap before GC invocations=290 (full 10):
 garbage-first heap   total 651264K, used 244609K [0x0000000701800000, 0x0000000800000000)
  region size 2048K, 40 young (81920K), 2 survivors (4096K)
 Metaspace       used 107607K, committed 108416K, reserved 1179648K
  class space    used 15453K, committed 15872K, reserved 1048576K
}
Event: 3557.128 GC heap after
{Heap after GC invocations=291 (full 10):
 garbage-first heap   total 651264K, used 166852K [0x0000000701800000, 0x0000000800000000)
  region size 2048K, 2 young (4096K), 2 survivors (4096K)
 Metaspace       used 107607K, committed 108416K, reserved 1179648K
  class space    used 15453K, committed 15872K, reserved 1048576K
}
Event: 3577.078 GC heap before
{Heap before GC invocations=291 (full 10):
 garbage-first heap   total 651264K, used 244676K [0x0000000701800000, 0x0000000800000000)
  region size 2048K, 40 young (81920K), 2 survivors (4096K)
 Metaspace       used 107622K, committed 108416K, reserved 1179648K
  class space    used 15453K, committed 15872K, reserved 1048576K
}
Event: 3577.083 GC heap after
{Heap after GC invocations=292 (full 10):
 garbage-first heap   total 651264K, used 166966K [0x0000000701800000, 0x0000000800000000)
  region size 2048K, 2 young (4096K), 2 survivors (4096K)
 Metaspace       used 107622K, committed 108416K, reserved 1179648K
  class space    used 15453K, committed 15872K, reserved 1048576K
}
Event: 3606.196 GC heap before
{Heap before GC invocations=292 (full 10):
 garbage-first heap   total 651264K, used 244790K [0x0000000701800000, 0x0000000800000000)
  region size 2048K, 40 young (81920K), 2 survivors (4096K)
 Metaspace       used 107623K, committed 108416K, reserved 1179648K
  class space    used 15453K, committed 15872K, reserved 1048576K
}
Event: 3606.201 GC heap after
{Heap after GC invocations=293 (full 10):
 garbage-first heap   total 651264K, used 166877K [0x0000000701800000, 0x0000000800000000)
  region size 2048K, 2 young (4096K), 2 survivors (4096K)
 Metaspace       used 107623K, committed 108416K, reserved 1179648K
  class space    used 15453K, committed 15872K, reserved 1048576K
}
Event: 3634.652 GC heap before
{Heap before GC invocations=293 (full 10):
 garbage-first heap   total 651264K, used 244701K [0x0000000701800000, 0x0000000800000000)
  region size 2048K, 40 young (81920K), 2 survivors (4096K)
 Metaspace       used 107632K, committed 108416K, reserved 1179648K
  class space    used 15453K, committed 15872K, reserved 1048576K
}
Event: 3634.658 GC heap after
{Heap after GC invocations=294 (full 10):
 garbage-first heap   total 651264K, used 166868K [0x0000000701800000, 0x0000000800000000)
  region size 2048K, 2 young (4096K), 2 survivors (4096K)
 Metaspace       used 107632K, committed 108416K, reserved 1179648K
  class space    used 15453K, committed 15872K, reserved 1048576K
}
Event: 3662.663 GC heap before
{Heap before GC invocations=294 (full 10):
 garbage-first heap   total 651264K, used 244692K [0x0000000701800000, 0x0000000800000000)
  region size 2048K, 40 young (81920K), 2 survivors (4096K)
 Metaspace       used 107632K, committed 108416K, reserved 1179648K
  class space    used 15453K, committed 15872K, reserved 1048576K
}
Event: 3662.666 GC heap after
{Heap after GC invocations=295 (full 10):
 garbage-first heap   total 651264K, used 166874K [0x0000000701800000, 0x0000000800000000)
  region size 2048K, 2 young (4096K), 2 survivors (4096K)
 Metaspace       used 107632K, committed 108416K, reserved 1179648K
  class space    used 15453K, committed 15872K, reserved 1048576K
}
Event: 3705.209 GC heap before
{Heap before GC invocations=295 (full 10):
 garbage-first heap   total 651264K, used 244698K [0x0000000701800000, 0x0000000800000000)
  region size 2048K, 40 young (81920K), 2 survivors (4096K)
 Metaspace       used 107632K, committed 108416K, reserved 1179648K
  class space    used 15453K, committed 15872K, reserved 1048576K
}
Event: 3705.214 GC heap after
{Heap after GC invocations=296 (full 10):
 garbage-first heap   total 651264K, used 166892K [0x0000000701800000, 0x0000000800000000)
  region size 2048K, 2 young (4096K), 2 survivors (4096K)
 Metaspace       used 107632K, committed 108416K, reserved 1179648K
  class space    used 15453K, committed 15872K, reserved 1048576K
}
Event: 3745.285 GC heap before
{Heap before GC invocations=296 (full 10):
 garbage-first heap   total 651264K, used 244716K [0x0000000701800000, 0x0000000800000000)
  region size 2048K, 40 young (81920K), 2 survivors (4096K)
 Metaspace       used 107664K, committed 108480K, reserved 1179648K
  class space    used 15453K, committed 15872K, reserved 1048576K
}
Event: 3745.289 GC heap after
{Heap after GC invocations=297 (full 10):
 garbage-first heap   total 651264K, used 166907K [0x0000000701800000, 0x0000000800000000)
  region size 2048K, 1 young (2048K), 1 survivors (2048K)
 Metaspace       used 107664K, committed 108480K, reserved 1179648K
  class space    used 15453K, committed 15872K, reserved 1048576K
}

